<?xml version="1.0" encoding="UTF-8"?>
<testsuite name="com.dummy.testing.UserRegistrationTest" tests="10" skipped="0" failures="0" errors="0" timestamp="2022-04-22T06:37:01" hostname="DESKTOP-2DPSHTI" time="0.215">
  <properties/>
  <testcase name="multipleEmail_WhenNotValid_ReturnFalse()" classname="com.dummy.testing.UserRegistrationTest" time="0.093"/>
  <testcase name="multipleEmail_WhenValid_ReturnTrue()" classname="com.dummy.testing.UserRegistrationTest" time="0.006"/>
  <testcase name="givenPhoneNo_WhenValid_ReturnTrue()" classname="com.dummy.testing.UserRegistrationTest" time="0.004"/>
  <testcase name="givenName_WhenShort_ReturnFalse()" classname="com.dummy.testing.UserRegistrationTest" time="0.005"/>
  <testcase name="givenEmail_WhenNotValid_ReturnFalse()" classname="com.dummy.testing.UserRegistrationTest" time="0.007"/>
  <testcase name="givenPhoneNO_WhenNoCountryCode_ReturnFalse()" classname="com.dummy.testing.UserRegistrationTest" time="0.004"/>
  <testcase name="givenEmail_WhenValid_ReturnTrue()" classname="com.dummy.testing.UserRegistrationTest" time="0.009"/>
  <testcase name="givenPassWord_WhenValid_ReturnTrue()" classname="com.dummy.testing.UserRegistrationTest" time="0.004"/>
  <testcase name="givenName_WhenValid_ReturnTrue()" classname="com.dummy.testing.UserRegistrationTest" time="0.004"/>
  <testcase name="givenPassWord_WhenHaveMoreCharacters_ReturnFalse()" classname="com.dummy.testing.UserRegistrationTest" time="0.004"/>
  <system-out><![CDATA[]]></system-out>
  <system-err><![CDATA[]]></system-err>
</testsuite>
